<?xml version="1.0" encoding="utf-8"?><testsuites name="pytest tests"><testsuite name="pytest" errors="0" failures="0" skipped="0" tests="27" time="5.304" timestamp="2026-06-16T16:10:42.185001+00:00" hostname="agent-env-8d257ff4-bcbd-4e7f-b351-d48aaf76aa90"><testcase classname="tests.backend_test" name="test_health" time="0.303" /><testcase classname="tests.backend_test" name="test_fb_login_url" time="0.112" /><testcase classname="tests.backend_test" name="test_webhook_verify_ok" time="0.162" /><testcase classname="tests.backend_test" name="test_webhook_verify_wrong_token" time="0.171" /><testcase classname="tests.backend_test" name="test_webhook_post_missing_signature" time="0.134" /><testcase classname="tests.backend_test" name="test_webhook_post_valid_signature" time="0.106" /><testcase classname="tests.backend_test" name="test_protected_endpoints_401_without_jwt[/api/tenant]" time="0.099" /><testcase classname="tests.backend_test" name="test_protected_endpoints_401_without_jwt[/api/pages]" time="0.137" /><testcase classname="tests.backend_test" name="test_protected_endpoints_401_without_jwt[/api/comments]" time="0.109" /><testcase classname="tests.backend_test" name="test_protected_endpoints_401_without_jwt[/api/approvals]" time="0.108" /><testcase classname="tests.backend_test" name="test_protected_endpoints_401_without_jwt[/api/leads]" time="0.112" /><testcase classname="tests.backend_test" name="test_protected_endpoints_401_without_jwt[/api/kb]" time="0.106" /><testcase classname="tests.backend_test" name="test_protected_endpoints_401_without_jwt[/api/team/members]" time="0.105" /><testcase classname="tests.backend_test" name="test_protected_endpoints_401_without_jwt[/api/analytics/overview]" time="0.177" /><testcase classname="tests.backend_test" name="test_me_returns_user_and_tenants" time="0.187" /><testcase classname="tests.backend_test" name="test_get_and_patch_tenant" time="0.356" /><testcase classname="tests.backend_test" name="test_tenant_onboard_owner_only" time="0.242" /><testcase classname="tests.backend_test" name="test_kb_crud_and_rbac" time="0.428" /><testcase classname="tests.backend_test" name="test_tenant_isolation" time="0.104" /><testcase classname="tests.backend_test" name="test_team_invite_accept_flow" time="0.452" /><testcase classname="tests.backend_test" name="test_leads_list_and_patch_404" time="0.220" /><testcase classname="tests.backend_test" name="test_comments_filter_no_crash" time="0.108" /><testcase classname="tests.backend_test" name="test_approvals_list_and_404" time="0.239" /><testcase classname="tests.backend_test" name="test_analytics_overview_keys" time="0.111" /><testcase classname="tests.backend_test" name="test_analytics_sentiment_trend" time="0.128" /><testcase classname="tests.backend_test" name="test_analytics_categories" time="0.106" /><testcase classname="tests.backend_test" name="test_pages_discover_meta_error_502" time="0.368" /></testsuite></testsuites>