<?xml version="1.0" encoding="utf-8"?><testsuites name="pytest tests"><testsuite name="pytest" errors="0" failures="0" skipped="0" tests="35" time="5.822" timestamp="2026-06-16T16:18:02.591157+00:00" hostname="agent-env-8d257ff4-bcbd-4e7f-b351-d48aaf76aa90"><testcase classname="tests.backend_test" name="test_health" time="0.321" /><testcase classname="tests.backend_test" name="test_fb_login_url" time="0.120" /><testcase classname="tests.backend_test" name="test_webhook_verify_ok" time="0.106" /><testcase classname="tests.backend_test" name="test_webhook_verify_wrong_token" time="0.111" /><testcase classname="tests.backend_test" name="test_webhook_post_missing_signature" time="0.107" /><testcase classname="tests.backend_test" name="test_webhook_post_valid_signature" time="0.122" /><testcase classname="tests.backend_test" name="test_protected_endpoints_401_without_jwt[/api/tenant]" time="0.115" /><testcase classname="tests.backend_test" name="test_protected_endpoints_401_without_jwt[/api/pages]" time="0.099" /><testcase classname="tests.backend_test" name="test_protected_endpoints_401_without_jwt[/api/comments]" time="0.098" /><testcase classname="tests.backend_test" name="test_protected_endpoints_401_without_jwt[/api/approvals]" time="0.117" /><testcase classname="tests.backend_test" name="test_protected_endpoints_401_without_jwt[/api/leads]" time="0.100" /><testcase classname="tests.backend_test" name="test_protected_endpoints_401_without_jwt[/api/kb]" time="0.100" /><testcase classname="tests.backend_test" name="test_protected_endpoints_401_without_jwt[/api/team/members]" time="0.098" /><testcase classname="tests.backend_test" name="test_protected_endpoints_401_without_jwt[/api/analytics/overview]" time="0.146" /><testcase classname="tests.backend_test" name="test_me_returns_user_and_tenants" time="0.114" /><testcase classname="tests.backend_test" name="test_get_and_patch_tenant" time="0.340" /><testcase classname="tests.backend_test" name="test_tenant_onboard_owner_only" time="0.215" /><testcase classname="tests.backend_test" name="test_kb_crud_and_rbac" time="0.436" /><testcase classname="tests.backend_test" name="test_tenant_isolation" time="0.105" /><testcase classname="tests.backend_test" name="test_team_invite_accept_flow" time="0.418" /><testcase classname="tests.backend_test" name="test_leads_list_and_patch_404" time="0.219" /><testcase classname="tests.backend_test" name="test_comments_filter_no_crash" time="0.133" /><testcase classname="tests.backend_test" name="test_approvals_list_and_404" time="0.200" /><testcase classname="tests.backend_test" name="test_analytics_overview_keys" time="0.100" /><testcase classname="tests.backend_test" name="test_analytics_sentiment_trend" time="0.130" /><testcase classname="tests.backend_test" name="test_analytics_categories" time="0.115" /><testcase classname="tests.backend_test" name="test_pages_discover_meta_error_502" time="0.327" /><testcase classname="tests.backend_test" name="test_logout_returns_ok_and_clears_cookie" time="0.123" /><testcase classname="tests.backend_test" name="test_switch_tenant_sets_cookie_and_returns_ok" time="0.105" /><testcase classname="tests.backend_test" name="test_switch_tenant_forbidden_for_non_member" time="0.117" /><testcase classname="tests.backend_test" name="test_me_via_cookie_only" time="0.103" /><testcase classname="tests.backend_test" name="test_tenant_endpoint_via_cookie" time="0.163" /><testcase classname="tests.backend_test" name="test_invalid_cookie_returns_401" time="0.104" /><testcase classname="tests.backend_test" name="test_expired_cookie_returns_401" time="0.101" /><testcase classname="tests.backend_test" name="test_bearer_header_still_works" time="0.103" /></testsuite></testsuites>